[SYNC] Starting Arthur live sync at 2026-07-03T18:04:50.451060+00:00

[SYNC] Syncing properties...
  Total items: 46, Total pages: 3
  Properties synced: 46 (inserted: 0, updated: 46)

[SYNC] Syncing units...
  Total items: 158, Total pages: 8
  Units synced: 158 (inserted: 0, updated: 158)

[SYNC] Syncing tenancies...
  Total items: 455, Total pages: 23
  Tenancies synced: 455 (inserted: 0, updated: 455)

[SYNC] Syncing tenants...
  Total items: 521, Total pages: 27
  Tenants synced: 521 (inserted: 0, updated: 521)

[SYNC] Syncing applicants...
  Total items: 670, Total pages: 34
  Applicants synced: 670 (inserted: 0, updated: 670)

[SYNC] Syncing transactions...
  Total items: 7211, Total pages: 361
  Transactions synced: 7210 (inserted: 0, updated: 7210)

[SYNC] Sync complete in 427.8s
  Properties:   50
  Units:        162
  Tenancies:    458
  Tenants:      524
  Applicants:   670
  Transactions: 7237
